<?xml version="1.0" encoding="UTF-8"?>
<!-- Generated by org.testng.reporters.JUnitXMLReporter -->
<testsuite ignored="0" hostname="DESKTOP-FUGQNF4" failures="0" tests="3" name="Default test" time="0.078" errors="0" timestamp="2023-08-07T02:59:14 EDT">
  <testcase classname="com.testNG.TestNgAnnotations" name="Test1" time="0.006"/>
  <testcase classname="com.testNG.TestNgAnnotations" name="Test2" time="0.002"/>
  <testcase classname="com.testNG.TestNgAnnotations" name="Test3" time="0.002"/>
</testsuite> <!-- Default test -->
