<?xml version="1.0" encoding="UTF-8"?>
<!-- Generated by org.testng.reporters.JUnitXMLReporter -->
<testsuite ignored="0" hostname="DESKTOP-FUGQNF4" failures="0" tests="4" name="Default test" time="0.236" errors="0" timestamp="2023-08-17T09:32:29 EDT">
  <testcase classname="com.testNG.TestNGGroups" name="testCase1" time="0.005"/>
  <testcase classname="com.testNG.TestNGGroups" name="testCase2" time="0.01"/>
  <testcase classname="com.testNG.TestNGGroups" name="testCase3" time="0.025"/>
  <testcase classname="com.testNG.TestNGGroups" name="testCase4" time="0.006"/>
</testsuite> <!-- Default test -->
