<?xml version="1.0" encoding="UTF-8"?>
<testng-results ignored="0" total="4" passed="4" failed="0" skipped="0">
  <reporter-output>
  </reporter-output>
  <suite started-at="2023-08-17T09:32:29 EDT" name="Default suite" finished-at="2023-08-17T09:32:29 EDT" duration-ms="236">
    <groups>
      <group name="regression">
        <method signature="TestNGGroups.testCase4()[pri:0, instance:com.testNG.TestNGGroups@2eae8e6e]" name="testCase4" class="com.testNG.TestNGGroups"/>
      </group> <!-- regression -->
      <group name="smoke">
        <method signature="TestNGGroups.testCase2()[pri:0, instance:com.testNG.TestNGGroups@2eae8e6e]" name="testCase2" class="com.testNG.TestNGGroups"/>
        <method signature="TestNGGroups.testCase3()[pri:0, instance:com.testNG.TestNGGroups@2eae8e6e]" name="testCase3" class="com.testNG.TestNGGroups"/>
        <method signature="TestNGGroups.testCase4()[pri:0, instance:com.testNG.TestNGGroups@2eae8e6e]" name="testCase4" class="com.testNG.TestNGGroups"/>
      </group> <!-- smoke -->
      <group name="sanity">
        <method signature="TestNGGroups.testCase1()[pri:0, instance:com.testNG.TestNGGroups@2eae8e6e]" name="testCase1" class="com.testNG.TestNGGroups"/>
        <method signature="TestNGGroups.testCase2()[pri:0, instance:com.testNG.TestNGGroups@2eae8e6e]" name="testCase2" class="com.testNG.TestNGGroups"/>
        <method signature="TestNGGroups.testCase4()[pri:0, instance:com.testNG.TestNGGroups@2eae8e6e]" name="testCase4" class="com.testNG.TestNGGroups"/>
      </group> <!-- sanity -->
    </groups>
    <test started-at="2023-08-17T09:32:29 EDT" name="Default test" finished-at="2023-08-17T09:32:29 EDT" duration-ms="236">
      <class name="com.testNG.TestNGGroups">
        <test-method is-config="true" signature="beforeMethod()[pri:0, instance:com.testNG.TestNGGroups@2eae8e6e]" started-at="2023-08-17T09:32:29 EDT" name="beforeMethod" finished-at="2023-08-17T09:32:29 EDT" duration-ms="7" status="PASS">
          <reporter-output>
          </reporter-output>
        </test-method> <!-- beforeMethod -->
        <test-method signature="testCase1()[pri:0, instance:com.testNG.TestNGGroups@2eae8e6e]" started-at="2023-08-17T09:32:29 EDT" name="testCase1" finished-at="2023-08-17T09:32:29 EDT" duration-ms="5" status="PASS">
          <reporter-output>
          </reporter-output>
        </test-method> <!-- testCase1 -->
        <test-method is-config="true" signature="afterMethod()[pri:0, instance:com.testNG.TestNGGroups@2eae8e6e]" started-at="2023-08-17T09:32:29 EDT" name="afterMethod" finished-at="2023-08-17T09:32:29 EDT" duration-ms="1" status="PASS">
          <reporter-output>
          </reporter-output>
        </test-method> <!-- afterMethod -->
        <test-method is-config="true" signature="beforeMethod()[pri:0, instance:com.testNG.TestNGGroups@2eae8e6e]" started-at="2023-08-17T09:32:29 EDT" name="beforeMethod" finished-at="2023-08-17T09:32:29 EDT" duration-ms="1" status="PASS">
          <reporter-output>
          </reporter-output>
        </test-method> <!-- beforeMethod -->
        <test-method signature="testCase2()[pri:0, instance:com.testNG.TestNGGroups@2eae8e6e]" started-at="2023-08-17T09:32:29 EDT" name="testCase2" finished-at="2023-08-17T09:32:29 EDT" duration-ms="10" status="PASS">
          <reporter-output>
          </reporter-output>
        </test-method> <!-- testCase2 -->
        <test-method is-config="true" signature="afterMethod()[pri:0, instance:com.testNG.TestNGGroups@2eae8e6e]" started-at="2023-08-17T09:32:29 EDT" name="afterMethod" finished-at="2023-08-17T09:32:29 EDT" duration-ms="2" status="PASS">
          <reporter-output>
          </reporter-output>
        </test-method> <!-- afterMethod -->
        <test-method is-config="true" signature="beforeMethod()[pri:0, instance:com.testNG.TestNGGroups@2eae8e6e]" started-at="2023-08-17T09:32:29 EDT" name="beforeMethod" finished-at="2023-08-17T09:32:29 EDT" duration-ms="5" status="PASS">
          <reporter-output>
          </reporter-output>
        </test-method> <!-- beforeMethod -->
        <test-method signature="testCase3()[pri:0, instance:com.testNG.TestNGGroups@2eae8e6e]" started-at="2023-08-17T09:32:29 EDT" name="testCase3" finished-at="2023-08-17T09:32:29 EDT" duration-ms="25" status="PASS">
          <reporter-output>
          </reporter-output>
        </test-method> <!-- testCase3 -->
        <test-method is-config="true" signature="afterMethod()[pri:0, instance:com.testNG.TestNGGroups@2eae8e6e]" started-at="2023-08-17T09:32:29 EDT" name="afterMethod" finished-at="2023-08-17T09:32:29 EDT" duration-ms="61" status="PASS">
          <reporter-output>
          </reporter-output>
        </test-method> <!-- afterMethod -->
        <test-method is-config="true" signature="beforeMethod()[pri:0, instance:com.testNG.TestNGGroups@2eae8e6e]" started-at="2023-08-17T09:32:29 EDT" name="beforeMethod" finished-at="2023-08-17T09:32:29 EDT" duration-ms="2" status="PASS">
          <reporter-output>
          </reporter-output>
        </test-method> <!-- beforeMethod -->
        <test-method signature="testCase4()[pri:0, instance:com.testNG.TestNGGroups@2eae8e6e]" started-at="2023-08-17T09:32:29 EDT" name="testCase4" finished-at="2023-08-17T09:32:29 EDT" duration-ms="6" status="PASS">
          <reporter-output>
          </reporter-output>
        </test-method> <!-- testCase4 -->
        <test-method is-config="true" signature="afterMethod()[pri:0, instance:com.testNG.TestNGGroups@2eae8e6e]" started-at="2023-08-17T09:32:29 EDT" name="afterMethod" finished-at="2023-08-17T09:32:29 EDT" duration-ms="2" status="PASS">
          <reporter-output>
          </reporter-output>
        </test-method> <!-- afterMethod -->
        <test-method is-config="true" signature="afterSuite()[pri:0, instance:com.testNG.TestNGGroups@2eae8e6e]" started-at="2023-08-17T09:32:29 EDT" name="afterSuite" finished-at="2023-08-17T09:32:29 EDT" duration-ms="0" status="PASS">
          <reporter-output>
          </reporter-output>
        </test-method> <!-- afterSuite -->
      </class> <!-- com.testNG.TestNGGroups -->
    </test> <!-- Default test -->
  </suite> <!-- Default suite -->
</testng-results>
