<?xml version="1.0" encoding="UTF-8"?>
<testng-results ignored="0" total="3" passed="3" failed="0" skipped="0">
  <reporter-output>
  </reporter-output>
  <suite started-at="2023-08-07T02:59:14 EDT" name="Default suite" finished-at="2023-08-07T02:59:14 EDT" duration-ms="78">
    <groups>
    </groups>
    <test started-at="2023-08-07T02:59:14 EDT" name="Default test" finished-at="2023-08-07T02:59:14 EDT" duration-ms="78">
      <class name="com.testNG.TestNgAnnotations">
        <test-method is-config="true" signature="beforeSuite()[pri:0, instance:com.testNG.TestNgAnnotations@17f62e33]" started-at="2023-08-07T02:59:14 EDT" name="beforeSuite" finished-at="2023-08-07T02:59:14 EDT" duration-ms="14" status="PASS">
          <reporter-output>
          </reporter-output>
        </test-method> <!-- beforeSuite -->
        <test-method is-config="true" signature="beforeTest()[pri:0, instance:com.testNG.TestNgAnnotations@17f62e33]" started-at="2023-08-07T02:59:14 EDT" name="beforeTest" finished-at="2023-08-07T02:59:14 EDT" duration-ms="1" status="PASS">
          <reporter-output>
          </reporter-output>
        </test-method> <!-- beforeTest -->
        <test-method is-config="true" signature="beforeClass()[pri:0, instance:com.testNG.TestNgAnnotations@17f62e33]" started-at="2023-08-07T02:59:14 EDT" name="beforeClass" finished-at="2023-08-07T02:59:14 EDT" duration-ms="1" status="PASS">
          <reporter-output>
          </reporter-output>
        </test-method> <!-- beforeClass -->
        <test-method is-config="true" signature="beforeMethod()[pri:0, instance:com.testNG.TestNgAnnotations@17f62e33]" started-at="2023-08-07T02:59:14 EDT" name="beforeMethod" finished-at="2023-08-07T02:59:14 EDT" duration-ms="1" status="PASS">
          <reporter-output>
          </reporter-output>
        </test-method> <!-- beforeMethod -->
        <test-method signature="Test1()[pri:0, instance:com.testNG.TestNgAnnotations@17f62e33]" started-at="2023-08-07T02:59:14 EDT" name="Test1" finished-at="2023-08-07T02:59:14 EDT" duration-ms="6" status="PASS">
          <reporter-output>
          </reporter-output>
        </test-method> <!-- Test1 -->
        <test-method is-config="true" signature="afterMethod()[pri:0, instance:com.testNG.TestNgAnnotations@17f62e33]" started-at="2023-08-07T02:59:14 EDT" name="afterMethod" finished-at="2023-08-07T02:59:14 EDT" duration-ms="1" status="PASS">
          <reporter-output>
          </reporter-output>
        </test-method> <!-- afterMethod -->
        <test-method signature="Test2()[pri:0, instance:com.testNG.TestNgAnnotations@17f62e33]" started-at="2023-08-07T02:59:14 EDT" name="Test2" finished-at="2023-08-07T02:59:14 EDT" duration-ms="2" status="PASS">
          <reporter-output>
          </reporter-output>
        </test-method> <!-- Test2 -->
        <test-method is-config="true" signature="beforeMethod()[pri:0, instance:com.testNG.TestNgAnnotations@17f62e33]" started-at="2023-08-07T02:59:14 EDT" name="beforeMethod" finished-at="2023-08-07T02:59:14 EDT" duration-ms="0" status="PASS">
          <reporter-output>
          </reporter-output>
        </test-method> <!-- beforeMethod -->
        <test-method is-config="true" signature="afterMethod()[pri:0, instance:com.testNG.TestNgAnnotations@17f62e33]" started-at="2023-08-07T02:59:14 EDT" name="afterMethod" finished-at="2023-08-07T02:59:14 EDT" duration-ms="0" status="PASS">
          <reporter-output>
          </reporter-output>
        </test-method> <!-- afterMethod -->
        <test-method signature="Test3()[pri:0, instance:com.testNG.TestNgAnnotations@17f62e33]" started-at="2023-08-07T02:59:14 EDT" name="Test3" finished-at="2023-08-07T02:59:14 EDT" duration-ms="2" status="PASS">
          <reporter-output>
          </reporter-output>
        </test-method> <!-- Test3 -->
        <test-method is-config="true" signature="beforeMethod()[pri:0, instance:com.testNG.TestNgAnnotations@17f62e33]" started-at="2023-08-07T02:59:14 EDT" name="beforeMethod" finished-at="2023-08-07T02:59:14 EDT" duration-ms="0" status="PASS">
          <reporter-output>
          </reporter-output>
        </test-method> <!-- beforeMethod -->
        <test-method is-config="true" signature="afterMethod()[pri:0, instance:com.testNG.TestNgAnnotations@17f62e33]" started-at="2023-08-07T02:59:14 EDT" name="afterMethod" finished-at="2023-08-07T02:59:14 EDT" duration-ms="2" status="PASS">
          <reporter-output>
          </reporter-output>
        </test-method> <!-- afterMethod -->
        <test-method is-config="true" signature="afterClass()[pri:0, instance:com.testNG.TestNgAnnotations@17f62e33]" started-at="2023-08-07T02:59:14 EDT" name="afterClass" finished-at="2023-08-07T02:59:14 EDT" duration-ms="0" status="PASS">
          <reporter-output>
          </reporter-output>
        </test-method> <!-- afterClass -->
        <test-method is-config="true" signature="afterTest()[pri:0, instance:com.testNG.TestNgAnnotations@17f62e33]" started-at="2023-08-07T02:59:14 EDT" name="afterTest" finished-at="2023-08-07T02:59:14 EDT" duration-ms="0" status="PASS">
          <reporter-output>
          </reporter-output>
        </test-method> <!-- afterTest -->
        <test-method is-config="true" signature="afterSuite()[pri:0, instance:com.testNG.TestNgAnnotations@17f62e33]" started-at="2023-08-07T02:59:14 EDT" name="afterSuite" finished-at="2023-08-07T02:59:14 EDT" duration-ms="1" status="PASS">
          <reporter-output>
          </reporter-output>
        </test-method> <!-- afterSuite -->
      </class> <!-- com.testNG.TestNgAnnotations -->
    </test> <!-- Default test -->
  </suite> <!-- Default suite -->
</testng-results>
